0 info it worked if it ends with ok
1 verbose cli [ 'C:\\Program Files\\nodejs\\node.exe',
1 verbose cli   'C:\\Program Files\\nodejs\\node_modules\\npm\\bin\\npm-cli.js',
1 verbose cli   'run',
1 verbose cli   'deploy' ]
2 info using npm@3.10.10
3 info using node@v6.10.3
4 verbose run-script [ 'predeploy', 'deploy', 'postdeploy' ]
5 info lifecycle claudia-dynamo@1.0.0~predeploy: claudia-dynamo@1.0.0
6 silly lifecycle claudia-dynamo@1.0.0~predeploy: no script for predeploy, continuing
7 info lifecycle claudia-dynamo@1.0.0~deploy: claudia-dynamo@1.0.0
8 verbose lifecycle claudia-dynamo@1.0.0~deploy: unsafe-perm in lifecycle true
9 verbose lifecycle claudia-dynamo@1.0.0~deploy: PATH: C:\Program Files\nodejs\node_modules\npm\bin\node-gyp-bin;C:\Users\IA_User\Desktop\claudia-dynamo\node_modules\.bin;C:\Users\IA_User\bin;C:\Program Files\Git\mingw64\bin;C:\Program Files\Git\usr\local\bin;C:\Program Files\Git\usr\bin;C:\Program Files\Git\usr\bin;C:\Program Files\Git\mingw64\bin;C:\Program Files\Git\usr\bin;C:\Users\IA_User\bin;C:\ProgramData\Oracle\Java\javapath;C:\WINDOWS\system32;C:\WINDOWS;C:\WINDOWS\System32\Wbem;C:\WINDOWS\System32\WindowsPowerShell\v1.0;C:\Program Files (x86)\ATI Technologies\ATI.ACE\Core-Static;C:\Program Files\nodejs;C:\Program Files\Git\cmd;C:\Program Files (x86)\LLVM\bin;C:\Program Files\Cloud Foundry;C:\Python27\Scripts\pip.exe;C:\Program Files\Amazon\AWSCLI;C:\Users\IA_User\AppData\Local\Microsoft\WindowsApps;C:\Users\IA_User\AppData\Roaming\npm;C:\Users\IA_User\AppData\Local\atom\bin;C:\Apache\apache-maven-3.3.9\bin;C:\Users\IA_User\AppData\Local\Microsoft\WindowsApps;C:\Users\IA_User\AppData\Local\Android\sdk\platform-tools;C:\Python27\Scripts;C:\Program Files\Amazon\AWSCLI;C:\Users\IA_User\Downloads\curl-7.46.0-win64\curl-7.46.0-win64\bin;C:\Program Files\Git\usr\bin\vendor_perl;C:\Program Files\Git\usr\bin\core_perl
10 verbose lifecycle claudia-dynamo@1.0.0~deploy: CWD: C:\Users\IA_User\Desktop\claudia-dynamo
11 silly lifecycle claudia-dynamo@1.0.0~deploy: Args: [ '/d /s /c', 'claudia update' ]
12 silly lifecycle claudia-dynamo@1.0.0~deploy: Returned: code: 1  signal: null
13 info lifecycle claudia-dynamo@1.0.0~deploy: Failed to exec deploy script
14 verbose stack Error: claudia-dynamo@1.0.0 deploy: `claudia update`
14 verbose stack Exit status 1
14 verbose stack     at EventEmitter.<anonymous> (C:\Program Files\nodejs\node_modules\npm\lib\utils\lifecycle.js:255:16)
14 verbose stack     at emitTwo (events.js:106:13)
14 verbose stack     at EventEmitter.emit (events.js:191:7)
14 verbose stack     at ChildProcess.<anonymous> (C:\Program Files\nodejs\node_modules\npm\lib\utils\spawn.js:40:14)
14 verbose stack     at emitTwo (events.js:106:13)
14 verbose stack     at ChildProcess.emit (events.js:191:7)
14 verbose stack     at maybeClose (internal/child_process.js:886:16)
14 verbose stack     at Process.ChildProcess._handle.onexit (internal/child_process.js:226:5)
15 verbose pkgid claudia-dynamo@1.0.0
16 verbose cwd C:\Users\IA_User\Desktop\claudia-dynamo
17 error Windows_NT 10.0.16299
18 error argv "C:\\Program Files\\nodejs\\node.exe" "C:\\Program Files\\nodejs\\node_modules\\npm\\bin\\npm-cli.js" "run" "deploy"
19 error node v6.10.3
20 error npm  v3.10.10
21 error code ELIFECYCLE
22 error claudia-dynamo@1.0.0 deploy: `claudia update`
22 error Exit status 1
23 error Failed at the claudia-dynamo@1.0.0 deploy script 'claudia update'.
23 error Make sure you have the latest version of node.js and npm installed.
23 error If you do, this is most likely a problem with the claudia-dynamo package,
23 error not with npm itself.
23 error Tell the author that this fails on your system:
23 error     claudia update
23 error You can get information on how to open an issue for this project with:
23 error     npm bugs claudia-dynamo
23 error Or if that isn't available, you can get their info via:
23 error     npm owner ls claudia-dynamo
23 error There is likely additional logging output above.
24 verbose exit [ 1, true ]
